<?xml version="1.0" encoding="UTF-8"?>
<!-- Generated by org.testng.reporters.JUnitReportReporter -->
<testsuite hostname="DESKTOP-H9QHVGK" name="tests.TestCase" tests="1" failures="0" timestamp="7 Oct 2018 14:26:39 GMT" time="0.016" errors="0">
  <testcase name="a" time="0.016" classname="tests.TestCase"/>
</testsuite> <!-- tests.TestCase -->
