<?xml version="1.0" encoding="UTF-8"?>
<!-- Generated by org.testng.reporters.JUnitReportReporter -->
<testsuite hostname="DESKTOP-H9QHVGK" name="tests.TestCase" tests="1" failures="0" timestamp="3 Nov 2018 09:08:06 GMT" time="0.010" errors="0">
  <testcase name="a" time="0.010" classname="tests.TestCase"/>
</testsuite> <!-- tests.TestCase -->
