<?xml version="1.0" encoding="UTF-8"?>
<!-- Generated by org.testng.reporters.JUnitReportReporter -->
<testsuite hostname="DESKTOP-H9QHVGK" name="tests.TestCase" tests="1" failures="0" timestamp="20 Oct 2018 16:05:15 GMT" time="0.030" errors="0">
  <testcase name="a" time="0.030" classname="tests.TestCase"/>
</testsuite> <!-- tests.TestCase -->
